0 info it worked if it ends with ok
1 verbose cli [ 'C:\\Program Files\\nodejs\\node.exe',
1 verbose cli   'C:\\Program Files\\nodejs\\node_modules\\npm\\bin\\npm-cli.js',
1 verbose cli   'run',
1 verbose cli   'start' ]
2 info using npm@3.10.10
3 info using node@v6.11.0
4 verbose run-script [ 'prestart', 'start', 'poststart' ]
5 info lifecycle semantictemporal-vis@0.0.0~prestart: semantictemporal-vis@0.0.0
6 silly lifecycle semantictemporal-vis@0.0.0~prestart: no script for prestart, continuing
7 info lifecycle semantictemporal-vis@0.0.0~start: semantictemporal-vis@0.0.0
8 verbose lifecycle semantictemporal-vis@0.0.0~start: unsafe-perm in lifecycle true
9 verbose lifecycle semantictemporal-vis@0.0.0~start: PATH: C:\Program Files\nodejs\node_modules\npm\bin\node-gyp-bin;C:\Users\HP\Documents\Gitlab\newsmulti\node_modules\.bin;C:\Program Files (x86)\Python36-32\Scripts\;C:\Program Files (x86)\Python36-32\;C:\ProgramData\Oracle\Java\javapath;C:\Program Files\ImageMagick-6.9.0-Q16;C:\Program Files (x86)\PC Connectivity Solution\;C:\Program Files (x86)\SECUNET\GuDStarSignUSBTokenFuerELSTER\;C:\Program Files\Common Files\Microsoft Shared\Windows Live;C:\Program Files (x86)\Common Files\Microsoft Shared\Windows Live;C:\Program Files (x86)\NVIDIA Corporation\PhysX\Common;C:\WINDOWS\system32;C:\WINDOWS;C:\WINDOWS\System32\Wbem;C:\WINDOWS\System32\WindowsPowerShell\v1.0\;C:\Program Files (x86)\Windows Live\Shared;C:\Program Files (x86)\Windows Kits\8.1\Windows Performance Toolkit\;C:\Program Files\Microsoft SQL Server\110\Tools\Binn\;C:\Program Files (x86)\Brackets\command;C:\Program Files\TortoiseGit\bin;C:\Program Files (x86)\OpenNI\Bin;c:\Program Files (x86)\Microsoft SQL Server\100\Tools\Binn\;c:\Program Files\Microsoft SQL Server\100\Tools\Binn\;c:\Program Files\Microsoft SQL Server\100\DTS\Binn\;C:\Program Files (x86)\gnuplot\bin;C:\Program Files\Microsoft Windows Performance Toolkit\;C:\Program Files (x86)\Bitvise SSH Client;C:\Program Files (x86)\Skype\Phone\;C:\Program Files\nodejs\;C:\Program Files (x86)\GtkSharp\2.12\bin;C:\Program Files\Git\cmd;C:\texlive\2015\bin\win32;C:\texlive\2012\bin\win32;c:\python27;c:\python27\Scripts;C:\Users\HP\Desktop\uni\scrapy-1.0\scrapy;C:\Python27\Scripts;C:\Python27\Lib\site-packages\scrapy;C:\python27;C:\python27\scripts;C:\Users\HP\AppData\Local\Microsoft\WindowsApps;C:\Users\HP\Desktop\osmosis\bin;C:\Users\HP\AppData\Local\Programs\Python\Python36-32\Scripts;C:\Program Files\Heroku\bin;C:\Users\HP\AppData\Roaming\npm;C:\Program Files\MongoDB\Server\3.4\bin
10 verbose lifecycle semantictemporal-vis@0.0.0~start: CWD: C:\Users\HP\Documents\Gitlab\newsmulti
11 silly lifecycle semantictemporal-vis@0.0.0~start: Args: [ '/d /s /c', 'node ./bin/www' ]
12 silly lifecycle semantictemporal-vis@0.0.0~start: Returned: code: 1  signal: null
13 info lifecycle semantictemporal-vis@0.0.0~start: Failed to exec start script
14 verbose stack Error: semantictemporal-vis@0.0.0 start: `node ./bin/www`
14 verbose stack Exit status 1
14 verbose stack     at EventEmitter.<anonymous> (C:\Program Files\nodejs\node_modules\npm\lib\utils\lifecycle.js:255:16)
14 verbose stack     at emitTwo (events.js:106:13)
14 verbose stack     at EventEmitter.emit (events.js:191:7)
14 verbose stack     at ChildProcess.<anonymous> (C:\Program Files\nodejs\node_modules\npm\lib\utils\spawn.js:40:14)
14 verbose stack     at emitTwo (events.js:106:13)
14 verbose stack     at ChildProcess.emit (events.js:191:7)
14 verbose stack     at maybeClose (internal/child_process.js:891:16)
14 verbose stack     at Process.ChildProcess._handle.onexit (internal/child_process.js:226:5)
15 verbose pkgid semantictemporal-vis@0.0.0
16 verbose cwd C:\Users\HP\Documents\Gitlab\newsmulti
17 error Windows_NT 10.0.14393
18 error argv "C:\\Program Files\\nodejs\\node.exe" "C:\\Program Files\\nodejs\\node_modules\\npm\\bin\\npm-cli.js" "run" "start"
19 error node v6.11.0
20 error npm  v3.10.10
21 error code ELIFECYCLE
22 error semantictemporal-vis@0.0.0 start: `node ./bin/www`
22 error Exit status 1
23 error Failed at the semantictemporal-vis@0.0.0 start script 'node ./bin/www'.
23 error Make sure you have the latest version of node.js and npm installed.
23 error If you do, this is most likely a problem with the semantictemporal-vis package,
23 error not with npm itself.
23 error Tell the author that this fails on your system:
23 error     node ./bin/www
23 error You can get information on how to open an issue for this project with:
23 error     npm bugs semantictemporal-vis
23 error Or if that isn't available, you can get their info via:
23 error     npm owner ls semantictemporal-vis
23 error There is likely additional logging output above.
24 verbose exit [ 1, true ]
